
=================================================================================
2025-10-21 02:58:33.204Z: Configuration starting...
2025-10-21 02:58:33.247Z: Cloning...
2025-10-21 02:58:34.368Z: Using image: mcr.microsoft.com/devcontainers/universal

=================================================================================
2025-10-21 02:58:34.383Z: Creating container...

=================================================================================
2025-10-21 02:58:34.831Z: Running blocking commands...
2025-10-21 02:58:34.879Z: $ devcontainer up --id-label Type=codespaces --workspace-folder /var/lib/docker/codespacemount/workspace/codespaces-blank --mount type=bind,source=/.codespaces/agent/mount/cache,target=/vscode --user-data-folder /var/lib/docker/codespacemount/.persistedshare --container-data-folder .vscode-remote/data/Machine --container-system-data-folder /var/vscode-remote --log-level trace --log-format json --update-remote-user-uid-default never --mount-workspace-git-root false --omit-config-remote-env-from-metadata --skip-non-blocking-commands --expect-existing-container --override-config /root/.codespaces/shared/merged_devcontainer.json --default-user-env-probe loginInteractiveShell --container-session-data-folder /workspaces/.codespaces/.persistedshare/devcontainers-cli/cache --secrets-file /root/.codespaces/shared/user-secrets-envs.json
2025-10-21 02:58:35.110Z: @devcontainers/cli 0.80.0. Node.js v18.20.6. linux 6.8.0-1030-azure x64.
2025-10-21 02:58:35.449Z: Outcome: success User: codespace WorkspaceFolder: /workspaces/codespaces-blank
2025-10-21 02:58:35.459Z: devcontainer process exited with exit code 0

=================================================================================
2025-10-21 02:58:35.484Z: Configuring codespace...
2025-10-21 02:58:35.496Z: Running oryx...

=================================================================================
2025-10-21 02:58:46.975Z: Running commands...
2025-10-21 02:58:47.018Z: $ devcontainer up --id-label Type=codespaces --workspace-folder /var/lib/docker/codespacemount/workspace/codespaces-blank --expect-existing-container --skip-post-attach --mount type=bind,source=/.codespaces/agent/mount/cache,target=/vscode --container-data-folder .vscode-remote/data/Machine --container-system-data-folder /var/vscode-remote --log-level trace --log-format json --update-remote-user-uid-default never --mount-workspace-git-root false --override-config /root/.codespaces/shared/merged_devcontainer.json --default-user-env-probe loginInteractiveShell --container-session-data-folder /workspaces/.codespaces/.persistedshare/devcontainers-cli/cache --secrets-file /root/.codespaces/shared/user-secrets-envs.json
2025-10-21 02:58:47.337Z: @devcontainers/cli 0.80.0. Node.js v18.20.6. linux 6.8.0-1030-azure x64.
2025-10-21 02:58:48.035Z: Running the postCreateCommand from Feature 'ghcr.io/devcontainers/features/git-lfs:1'...

2025-10-21 02:58:48.086Z: /usr/local/share/pull-git-lfs-artifacts.sh
2025-10-21 02:58:48.267Z: Fetching git lfs artifacts...2025-10-21 02:58:48.271Z: 
2025-10-21 02:58:49.403Z: (!) Skipping automatic 'git lfs pull' because no git lfs files were detected
2025-10-21 02:58:49.437Z: Outcome: success User: codespace WorkspaceFolder: /workspaces/codespaces-blank
2025-10-21 02:58:49.466Z: devcontainer process exited with exit code 0

=================================================================================
2025-10-21 02:58:49.509Z: Finished configuring codespace.
